[2023-09-24 20:36:59] production.ERROR: Route [activate] not defined. {"exception":"[object] (Symfony\\Component\\Routing\\Exception\\RouteNotFoundException(code: 0): Route [activate] not defined. at /Users/muhsinzyne/public_html/working-lottery/app/core/vendor/laravel/framework/src/Illuminate/Routing/UrlGenerator.php:467)
[stacktrace]
#0 /Users/muhsinzyne/public_html/working-lottery/app/core/vendor/laravel/framework/src/Illuminate/Routing/Redirector.php(167): Illuminate\\Routing\\UrlGenerator->route('activate', Array)
#1 /Users/muhsinzyne/public_html/working-lottery/app/core/vendor/muhsin-laramin/utility/src/Utility.php(12): Illuminate\\Routing\\Redirector->route('activate')
#2 /Users/muhsinzyne/public_html/working-lottery/app/core/vendor/laravel/framework/src/Illuminate/Pipeline/Pipeline.php(180): Laramin\\Utility\\Utility->handle(Object(Illuminate\\Http\\Request), Object(Closure))
#3 /Users/muhsinzyne/public_html/working-lottery/app/core/vendor/laravel/framework/src/Illuminate/Pipeline/Pipeline.php(116): Illuminate\\Pipeline\\Pipeline->Illuminate\\Pipeline\\{closure}(Object(Illuminate\\Http\\Request))
#4 /Users/muhsinzyne/public_html/working-lottery/app/core/vendor/laravel/framework/src/Illuminate/Foundation/Http/Kernel.php(165): Illuminate\\Pipeline\\Pipeline->then(Object(Closure))
#5 /Users/muhsinzyne/public_html/working-lottery/app/core/vendor/laravel/framework/src/Illuminate/Foundation/Http/Kernel.php(134): Illuminate\\Foundation\\Http\\Kernel->sendRequestThroughRouter(Object(Illuminate\\Http\\Request))
#6 /Users/muhsinzyne/public_html/working-lottery/app/index.php(52): Illuminate\\Foundation\\Http\\Kernel->handle(Object(Illuminate\\Http\\Request))
#7 {main}
"} 
[2023-09-24 20:36:59] production.ERROR: Route [activate] not defined. {"exception":"[object] (Symfony\\Component\\Routing\\Exception\\RouteNotFoundException(code: 0): Route [activate] not defined. at /Users/muhsinzyne/public_html/working-lottery/app/core/vendor/laravel/framework/src/Illuminate/Routing/UrlGenerator.php:467)
[stacktrace]
#0 /Users/muhsinzyne/public_html/working-lottery/app/core/vendor/laravel/framework/src/Illuminate/Routing/Redirector.php(167): Illuminate\\Routing\\UrlGenerator->route('activate', Array)
#1 /Users/muhsinzyne/public_html/working-lottery/app/core/vendor/muhsin-laramin/utility/src/Utility.php(12): Illuminate\\Routing\\Redirector->route('activate')
#2 /Users/muhsinzyne/public_html/working-lottery/app/core/vendor/laravel/framework/src/Illuminate/Pipeline/Pipeline.php(180): Laramin\\Utility\\Utility->handle(Object(Illuminate\\Http\\Request), Object(Closure))
#3 /Users/muhsinzyne/public_html/working-lottery/app/core/vendor/laravel/framework/src/Illuminate/Pipeline/Pipeline.php(116): Illuminate\\Pipeline\\Pipeline->Illuminate\\Pipeline\\{closure}(Object(Illuminate\\Http\\Request))
#4 /Users/muhsinzyne/public_html/working-lottery/app/core/vendor/laravel/framework/src/Illuminate/Foundation/Http/Kernel.php(165): Illuminate\\Pipeline\\Pipeline->then(Object(Closure))
#5 /Users/muhsinzyne/public_html/working-lottery/app/core/vendor/laravel/framework/src/Illuminate/Foundation/Http/Kernel.php(134): Illuminate\\Foundation\\Http\\Kernel->sendRequestThroughRouter(Object(Illuminate\\Http\\Request))
#6 /Users/muhsinzyne/public_html/working-lottery/app/index.php(52): Illuminate\\Foundation\\Http\\Kernel->handle(Object(Illuminate\\Http\\Request))
#7 {main}
"} 
[2023-09-24 20:38:16] production.ERROR: Route [activate] not defined. {"exception":"[object] (Symfony\\Component\\Routing\\Exception\\RouteNotFoundException(code: 0): Route [activate] not defined. at /Users/muhsinzyne/public_html/working-lottery/app/core/vendor/laravel/framework/src/Illuminate/Routing/UrlGenerator.php:467)
[stacktrace]
#0 /Users/muhsinzyne/public_html/working-lottery/app/core/vendor/laravel/framework/src/Illuminate/Routing/Redirector.php(167): Illuminate\\Routing\\UrlGenerator->route('activate', Array)
#1 /Users/muhsinzyne/public_html/working-lottery/app/core/vendor/muhsin-laramin/utility/src/Utility.php(12): Illuminate\\Routing\\Redirector->route('activate')
#2 /Users/muhsinzyne/public_html/working-lottery/app/core/vendor/laravel/framework/src/Illuminate/Pipeline/Pipeline.php(180): Laramin\\Utility\\Utility->handle(Object(Illuminate\\Http\\Request), Object(Closure))
#3 /Users/muhsinzyne/public_html/working-lottery/app/core/vendor/laravel/framework/src/Illuminate/Pipeline/Pipeline.php(116): Illuminate\\Pipeline\\Pipeline->Illuminate\\Pipeline\\{closure}(Object(Illuminate\\Http\\Request))
#4 /Users/muhsinzyne/public_html/working-lottery/app/core/vendor/laravel/framework/src/Illuminate/Foundation/Http/Kernel.php(165): Illuminate\\Pipeline\\Pipeline->then(Object(Closure))
#5 /Users/muhsinzyne/public_html/working-lottery/app/core/vendor/laravel/framework/src/Illuminate/Foundation/Http/Kernel.php(134): Illuminate\\Foundation\\Http\\Kernel->sendRequestThroughRouter(Object(Illuminate\\Http\\Request))
#6 /Users/muhsinzyne/public_html/working-lottery/app/index.php(52): Illuminate\\Foundation\\Http\\Kernel->handle(Object(Illuminate\\Http\\Request))
#7 {main}
"} 
[2023-09-24 20:38:17] production.ERROR: Route [activate] not defined. {"exception":"[object] (Symfony\\Component\\Routing\\Exception\\RouteNotFoundException(code: 0): Route [activate] not defined. at /Users/muhsinzyne/public_html/working-lottery/app/core/vendor/laravel/framework/src/Illuminate/Routing/UrlGenerator.php:467)
[stacktrace]
#0 /Users/muhsinzyne/public_html/working-lottery/app/core/vendor/laravel/framework/src/Illuminate/Routing/Redirector.php(167): Illuminate\\Routing\\UrlGenerator->route('activate', Array)
#1 /Users/muhsinzyne/public_html/working-lottery/app/core/vendor/muhsin-laramin/utility/src/Utility.php(12): Illuminate\\Routing\\Redirector->route('activate')
#2 /Users/muhsinzyne/public_html/working-lottery/app/core/vendor/laravel/framework/src/Illuminate/Pipeline/Pipeline.php(180): Laramin\\Utility\\Utility->handle(Object(Illuminate\\Http\\Request), Object(Closure))
#3 /Users/muhsinzyne/public_html/working-lottery/app/core/vendor/laravel/framework/src/Illuminate/Pipeline/Pipeline.php(116): Illuminate\\Pipeline\\Pipeline->Illuminate\\Pipeline\\{closure}(Object(Illuminate\\Http\\Request))
#4 /Users/muhsinzyne/public_html/working-lottery/app/core/vendor/laravel/framework/src/Illuminate/Foundation/Http/Kernel.php(165): Illuminate\\Pipeline\\Pipeline->then(Object(Closure))
#5 /Users/muhsinzyne/public_html/working-lottery/app/core/vendor/laravel/framework/src/Illuminate/Foundation/Http/Kernel.php(134): Illuminate\\Foundation\\Http\\Kernel->sendRequestThroughRouter(Object(Illuminate\\Http\\Request))
#6 /Users/muhsinzyne/public_html/working-lottery/app/index.php(52): Illuminate\\Foundation\\Http\\Kernel->handle(Object(Illuminate\\Http\\Request))
#7 {main}
"} 
[2023-09-24 20:41:01] production.ERROR: Attempt to read property "location" on string {"exception":"[object] (ErrorException(code: 0): Attempt to read property \"location\" on string at /Users/muhsinzyne/public_html/working-lottery/app/core/vendor/muhsin-laramin/utility/src/Controller/UtilityController.php:47)
[stacktrace]
#0 /Users/muhsinzyne/public_html/working-lottery/app/core/vendor/laravel/framework/src/Illuminate/Foundation/Bootstrap/HandleExceptions.php(270): Illuminate\\Foundation\\Bootstrap\\HandleExceptions->handleError(2, 'Attempt to read...', '/Users/muhsinzy...', 47)
#1 /Users/muhsinzyne/public_html/working-lottery/app/core/vendor/muhsin-laramin/utility/src/Controller/UtilityController.php(47): Illuminate\\Foundation\\Bootstrap\\HandleExceptions->Illuminate\\Foundation\\Bootstrap\\{closure}(2, 'Attempt to read...', '/Users/muhsinzy...', 47)
#2 /Users/muhsinzyne/public_html/working-lottery/app/core/vendor/laravel/framework/src/Illuminate/Routing/Controller.php(54): Laramin\\Utility\\Controller\\UtilityController->laraminSubmit(Object(Illuminate\\Http\\Request))
#3 /Users/muhsinzyne/public_html/working-lottery/app/core/vendor/laravel/framework/src/Illuminate/Routing/ControllerDispatcher.php(43): Illuminate\\Routing\\Controller->callAction('laraminSubmit', Array)
#4 /Users/muhsinzyne/public_html/working-lottery/app/core/vendor/laravel/framework/src/Illuminate/Routing/Route.php(260): Illuminate\\Routing\\ControllerDispatcher->dispatch(Object(Illuminate\\Routing\\Route), Object(Laramin\\Utility\\Controller\\UtilityController), 'laraminSubmit')
#5 /Users/muhsinzyne/public_html/working-lottery/app/core/vendor/laravel/framework/src/Illuminate/Routing/Route.php(205): Illuminate\\Routing\\Route->runController()
#6 /Users/muhsinzyne/public_html/working-lottery/app/core/vendor/laravel/framework/src/Illuminate/Routing/Router.php(798): Illuminate\\Routing\\Route->run()
#7 /Users/muhsinzyne/public_html/working-lottery/app/core/vendor/laravel/framework/src/Illuminate/Pipeline/Pipeline.php(141): Illuminate\\Routing\\Router->Illuminate\\Routing\\{closure}(Object(Illuminate\\Http\\Request))
#8 /Users/muhsinzyne/public_html/working-lottery/app/core/vendor/muhsin-laramin/utility/src/GoToCore.php(17): Illuminate\\Pipeline\\Pipeline->Illuminate\\Pipeline\\{closure}(Object(Illuminate\\Http\\Request))
#9 /Users/muhsinzyne/public_html/working-lottery/app/core/vendor/laravel/framework/src/Illuminate/Pipeline/Pipeline.php(180): Laramin\\Utility\\GoToCore->handle(Object(Illuminate\\Http\\Request), Object(Closure))
#10 /Users/muhsinzyne/public_html/working-lottery/app/core/vendor/laravel/framework/src/Illuminate/Pipeline/Pipeline.php(116): Illuminate\\Pipeline\\Pipeline->Illuminate\\Pipeline\\{closure}(Object(Illuminate\\Http\\Request))
#11 /Users/muhsinzyne/public_html/working-lottery/app/core/vendor/laravel/framework/src/Illuminate/Routing/Router.php(799): Illuminate\\Pipeline\\Pipeline->then(Object(Closure))
#12 /Users/muhsinzyne/public_html/working-lottery/app/core/vendor/laravel/framework/src/Illuminate/Routing/Router.php(776): Illuminate\\Routing\\Router->runRouteWithinStack(Object(Illuminate\\Routing\\Route), Object(Illuminate\\Http\\Request))
#13 /Users/muhsinzyne/public_html/working-lottery/app/core/vendor/laravel/framework/src/Illuminate/Routing/Router.php(740): Illuminate\\Routing\\Router->runRoute(Object(Illuminate\\Http\\Request), Object(Illuminate\\Routing\\Route))
#14 /Users/muhsinzyne/public_html/working-lottery/app/core/vendor/laravel/framework/src/Illuminate/Routing/Router.php(729): Illuminate\\Routing\\Router->dispatchToRoute(Object(Illuminate\\Http\\Request))
#15 /Users/muhsinzyne/public_html/working-lottery/app/core/vendor/laravel/framework/src/Illuminate/Foundation/Http/Kernel.php(190): Illuminate\\Routing\\Router->dispatch(Object(Illuminate\\Http\\Request))
#16 /Users/muhsinzyne/public_html/working-lottery/app/core/vendor/laravel/framework/src/Illuminate/Pipeline/Pipeline.php(141): Illuminate\\Foundation\\Http\\Kernel->Illuminate\\Foundation\\Http\\{closure}(Object(Illuminate\\Http\\Request))
#17 /Users/muhsinzyne/public_html/working-lottery/app/core/vendor/beyondcode/laravel-query-detector/src/QueryDetectorMiddleware.php(27): Illuminate\\Pipeline\\Pipeline->Illuminate\\Pipeline\\{closure}(Object(Illuminate\\Http\\Request))
#18 /Users/muhsinzyne/public_html/working-lottery/app/core/vendor/laravel/framework/src/Illuminate/Pipeline/Pipeline.php(180): BeyondCode\\QueryDetector\\QueryDetectorMiddleware->handle(Object(Illuminate\\Http\\Request), Object(Closure))
#19 /Users/muhsinzyne/public_html/working-lottery/app/core/vendor/barryvdh/laravel-debugbar/src/Middleware/InjectDebugbar.php(59): Illuminate\\Pipeline\\Pipeline->Illuminate\\Pipeline\\{closure}(Object(Illuminate\\Http\\Request))
#20 /Users/muhsinzyne/public_html/working-lottery/app/core/vendor/laravel/framework/src/Illuminate/Pipeline/Pipeline.php(180): Barryvdh\\Debugbar\\Middleware\\InjectDebugbar->handle(Object(Illuminate\\Http\\Request), Object(Closure))
#21 /Users/muhsinzyne/public_html/working-lottery/app/core/vendor/laravel/framework/src/Illuminate/Foundation/Http/Middleware/TransformsRequest.php(21): Illuminate\\Pipeline\\Pipeline->Illuminate\\Pipeline\\{closure}(Object(Illuminate\\Http\\Request))
#22 /Users/muhsinzyne/public_html/working-lottery/app/core/vendor/laravel/framework/src/Illuminate/Foundation/Http/Middleware/ConvertEmptyStringsToNull.php(31): Illuminate\\Foundation\\Http\\Middleware\\TransformsRequest->handle(Object(Illuminate\\Http\\Request), Object(Closure))
#23 /Users/muhsinzyne/public_html/working-lottery/app/core/vendor/laravel/framework/src/Illuminate/Pipeline/Pipeline.php(180): Illuminate\\Foundation\\Http\\Middleware\\ConvertEmptyStringsToNull->handle(Object(Illuminate\\Http\\Request), Object(Closure))
#24 /Users/muhsinzyne/public_html/working-lottery/app/core/vendor/laravel/framework/src/Illuminate/Foundation/Http/Middleware/TransformsRequest.php(21): Illuminate\\Pipeline\\Pipeline->Illuminate\\Pipeline\\{closure}(Object(Illuminate\\Http\\Request))
#25 /Users/muhsinzyne/public_html/working-lottery/app/core/vendor/laravel/framework/src/Illuminate/Foundation/Http/Middleware/TrimStrings.php(40): Illuminate\\Foundation\\Http\\Middleware\\TransformsRequest->handle(Object(Illuminate\\Http\\Request), Object(Closure))
#26 /Users/muhsinzyne/public_html/working-lottery/app/core/vendor/laravel/framework/src/Illuminate/Pipeline/Pipeline.php(180): Illuminate\\Foundation\\Http\\Middleware\\TrimStrings->handle(Object(Illuminate\\Http\\Request), Object(Closure))
#27 /Users/muhsinzyne/public_html/working-lottery/app/core/vendor/laravel/framework/src/Illuminate/Foundation/Http/Middleware/ValidatePostSize.php(27): Illuminate\\Pipeline\\Pipeline->Illuminate\\Pipeline\\{closure}(Object(Illuminate\\Http\\Request))
#28 /Users/muhsinzyne/public_html/working-lottery/app/core/vendor/laravel/framework/src/Illuminate/Pipeline/Pipeline.php(180): Illuminate\\Foundation\\Http\\Middleware\\ValidatePostSize->handle(Object(Illuminate\\Http\\Request), Object(Closure))
#29 /Users/muhsinzyne/public_html/working-lottery/app/core/vendor/laravel/framework/src/Illuminate/Foundation/Http/Middleware/PreventRequestsDuringMaintenance.php(86): Illuminate\\Pipeline\\Pipeline->Illuminate\\Pipeline\\{closure}(Object(Illuminate\\Http\\Request))
#30 /Users/muhsinzyne/public_html/working-lottery/app/core/vendor/laravel/framework/src/Illuminate/Pipeline/Pipeline.php(180): Illuminate\\Foundation\\Http\\Middleware\\PreventRequestsDuringMaintenance->handle(Object(Illuminate\\Http\\Request), Object(Closure))
#31 /Users/muhsinzyne/public_html/working-lottery/app/core/vendor/laravel/framework/src/Illuminate/Http/Middleware/HandleCors.php(49): Illuminate\\Pipeline\\Pipeline->Illuminate\\Pipeline\\{closure}(Object(Illuminate\\Http\\Request))
#32 /Users/muhsinzyne/public_html/working-lottery/app/core/vendor/laravel/framework/src/Illuminate/Pipeline/Pipeline.php(180): Illuminate\\Http\\Middleware\\HandleCors->handle(Object(Illuminate\\Http\\Request), Object(Closure))
#33 /Users/muhsinzyne/public_html/working-lottery/app/core/vendor/laravel/framework/src/Illuminate/Http/Middleware/TrustProxies.php(39): Illuminate\\Pipeline\\Pipeline->Illuminate\\Pipeline\\{closure}(Object(Illuminate\\Http\\Request))
#34 /Users/muhsinzyne/public_html/working-lottery/app/core/vendor/laravel/framework/src/Illuminate/Pipeline/Pipeline.php(180): Illuminate\\Http\\Middleware\\TrustProxies->handle(Object(Illuminate\\Http\\Request), Object(Closure))
#35 /Users/muhsinzyne/public_html/working-lottery/app/core/vendor/laravel/framework/src/Illuminate/Pipeline/Pipeline.php(116): Illuminate\\Pipeline\\Pipeline->Illuminate\\Pipeline\\{closure}(Object(Illuminate\\Http\\Request))
#36 /Users/muhsinzyne/public_html/working-lottery/app/core/vendor/laravel/framework/src/Illuminate/Foundation/Http/Kernel.php(165): Illuminate\\Pipeline\\Pipeline->then(Object(Closure))
#37 /Users/muhsinzyne/public_html/working-lottery/app/core/vendor/laravel/framework/src/Illuminate/Foundation/Http/Kernel.php(134): Illuminate\\Foundation\\Http\\Kernel->sendRequestThroughRouter(Object(Illuminate\\Http\\Request))
#38 /Users/muhsinzyne/public_html/working-lottery/app/index.php(52): Illuminate\\Foundation\\Http\\Kernel->handle(Object(Illuminate\\Http\\Request))
#39 {main}
"} 
[2023-09-24 21:12:38] development.ERROR: Undefined property: stdClass::$location {"exception":"[object] (ErrorException(code: 0): Undefined property: stdClass::$location at /Users/muhsinzyne/public_html/working-lottery/app/core/vendor/muhsin-laramin/utility/src/Controller/UtilityController.php:49)
[stacktrace]
#0 /Users/muhsinzyne/public_html/working-lottery/app/core/vendor/laravel/framework/src/Illuminate/Foundation/Bootstrap/HandleExceptions.php(270): Illuminate\\Foundation\\Bootstrap\\HandleExceptions->handleError(2, 'Undefined prope...', '/Users/muhsinzy...', 49)
#1 /Users/muhsinzyne/public_html/working-lottery/app/core/vendor/muhsin-laramin/utility/src/Controller/UtilityController.php(49): Illuminate\\Foundation\\Bootstrap\\HandleExceptions->Illuminate\\Foundation\\Bootstrap\\{closure}(2, 'Undefined prope...', '/Users/muhsinzy...', 49)
#2 /Users/muhsinzyne/public_html/working-lottery/app/core/vendor/laravel/framework/src/Illuminate/Routing/Controller.php(54): Laramin\\Utility\\Controller\\UtilityController->laraminSubmit(Object(Illuminate\\Http\\Request))
#3 /Users/muhsinzyne/public_html/working-lottery/app/core/vendor/laravel/framework/src/Illuminate/Routing/ControllerDispatcher.php(43): Illuminate\\Routing\\Controller->callAction('laraminSubmit', Array)
#4 /Users/muhsinzyne/public_html/working-lottery/app/core/vendor/laravel/framework/src/Illuminate/Routing/Route.php(260): Illuminate\\Routing\\ControllerDispatcher->dispatch(Object(Illuminate\\Routing\\Route), Object(Laramin\\Utility\\Controller\\UtilityController), 'laraminSubmit')
#5 /Users/muhsinzyne/public_html/working-lottery/app/core/vendor/laravel/framework/src/Illuminate/Routing/Route.php(205): Illuminate\\Routing\\Route->runController()
#6 /Users/muhsinzyne/public_html/working-lottery/app/core/vendor/laravel/framework/src/Illuminate/Routing/Router.php(798): Illuminate\\Routing\\Route->run()
#7 /Users/muhsinzyne/public_html/working-lottery/app/core/vendor/laravel/framework/src/Illuminate/Pipeline/Pipeline.php(141): Illuminate\\Routing\\Router->Illuminate\\Routing\\{closure}(Object(Illuminate\\Http\\Request))
#8 /Users/muhsinzyne/public_html/working-lottery/app/core/vendor/muhsin-laramin/utility/src/GoToCore.php(17): Illuminate\\Pipeline\\Pipeline->Illuminate\\Pipeline\\{closure}(Object(Illuminate\\Http\\Request))
#9 /Users/muhsinzyne/public_html/working-lottery/app/core/vendor/laravel/framework/src/Illuminate/Pipeline/Pipeline.php(180): Laramin\\Utility\\GoToCore->handle(Object(Illuminate\\Http\\Request), Object(Closure))
#10 /Users/muhsinzyne/public_html/working-lottery/app/core/vendor/laravel/framework/src/Illuminate/Pipeline/Pipeline.php(116): Illuminate\\Pipeline\\Pipeline->Illuminate\\Pipeline\\{closure}(Object(Illuminate\\Http\\Request))
#11 /Users/muhsinzyne/public_html/working-lottery/app/core/vendor/laravel/framework/src/Illuminate/Routing/Router.php(799): Illuminate\\Pipeline\\Pipeline->then(Object(Closure))
#12 /Users/muhsinzyne/public_html/working-lottery/app/core/vendor/laravel/framework/src/Illuminate/Routing/Router.php(776): Illuminate\\Routing\\Router->runRouteWithinStack(Object(Illuminate\\Routing\\Route), Object(Illuminate\\Http\\Request))
#13 /Users/muhsinzyne/public_html/working-lottery/app/core/vendor/laravel/framework/src/Illuminate/Routing/Router.php(740): Illuminate\\Routing\\Router->runRoute(Object(Illuminate\\Http\\Request), Object(Illuminate\\Routing\\Route))
#14 /Users/muhsinzyne/public_html/working-lottery/app/core/vendor/laravel/framework/src/Illuminate/Routing/Router.php(729): Illuminate\\Routing\\Router->dispatchToRoute(Object(Illuminate\\Http\\Request))
#15 /Users/muhsinzyne/public_html/working-lottery/app/core/vendor/laravel/framework/src/Illuminate/Foundation/Http/Kernel.php(190): Illuminate\\Routing\\Router->dispatch(Object(Illuminate\\Http\\Request))
#16 /Users/muhsinzyne/public_html/working-lottery/app/core/vendor/laravel/framework/src/Illuminate/Pipeline/Pipeline.php(141): Illuminate\\Foundation\\Http\\Kernel->Illuminate\\Foundation\\Http\\{closure}(Object(Illuminate\\Http\\Request))
#17 /Users/muhsinzyne/public_html/working-lottery/app/core/vendor/beyondcode/laravel-query-detector/src/QueryDetectorMiddleware.php(27): Illuminate\\Pipeline\\Pipeline->Illuminate\\Pipeline\\{closure}(Object(Illuminate\\Http\\Request))
#18 /Users/muhsinzyne/public_html/working-lottery/app/core/vendor/laravel/framework/src/Illuminate/Pipeline/Pipeline.php(180): BeyondCode\\QueryDetector\\QueryDetectorMiddleware->handle(Object(Illuminate\\Http\\Request), Object(Closure))
#19 /Users/muhsinzyne/public_html/working-lottery/app/core/vendor/barryvdh/laravel-debugbar/src/Middleware/InjectDebugbar.php(59): Illuminate\\Pipeline\\Pipeline->Illuminate\\Pipeline\\{closure}(Object(Illuminate\\Http\\Request))
#20 /Users/muhsinzyne/public_html/working-lottery/app/core/vendor/laravel/framework/src/Illuminate/Pipeline/Pipeline.php(180): Barryvdh\\Debugbar\\Middleware\\InjectDebugbar->handle(Object(Illuminate\\Http\\Request), Object(Closure))
#21 /Users/muhsinzyne/public_html/working-lottery/app/core/vendor/laravel/framework/src/Illuminate/Foundation/Http/Middleware/TransformsRequest.php(21): Illuminate\\Pipeline\\Pipeline->Illuminate\\Pipeline\\{closure}(Object(Illuminate\\Http\\Request))
#22 /Users/muhsinzyne/public_html/working-lottery/app/core/vendor/laravel/framework/src/Illuminate/Foundation/Http/Middleware/ConvertEmptyStringsToNull.php(31): Illuminate\\Foundation\\Http\\Middleware\\TransformsRequest->handle(Object(Illuminate\\Http\\Request), Object(Closure))
#23 /Users/muhsinzyne/public_html/working-lottery/app/core/vendor/laravel/framework/src/Illuminate/Pipeline/Pipeline.php(180): Illuminate\\Foundation\\Http\\Middleware\\ConvertEmptyStringsToNull->handle(Object(Illuminate\\Http\\Request), Object(Closure))
#24 /Users/muhsinzyne/public_html/working-lottery/app/core/vendor/laravel/framework/src/Illuminate/Foundation/Http/Middleware/TransformsRequest.php(21): Illuminate\\Pipeline\\Pipeline->Illuminate\\Pipeline\\{closure}(Object(Illuminate\\Http\\Request))
#25 /Users/muhsinzyne/public_html/working-lottery/app/core/vendor/laravel/framework/src/Illuminate/Foundation/Http/Middleware/TrimStrings.php(40): Illuminate\\Foundation\\Http\\Middleware\\TransformsRequest->handle(Object(Illuminate\\Http\\Request), Object(Closure))
#26 /Users/muhsinzyne/public_html/working-lottery/app/core/vendor/laravel/framework/src/Illuminate/Pipeline/Pipeline.php(180): Illuminate\\Foundation\\Http\\Middleware\\TrimStrings->handle(Object(Illuminate\\Http\\Request), Object(Closure))
#27 /Users/muhsinzyne/public_html/working-lottery/app/core/vendor/laravel/framework/src/Illuminate/Foundation/Http/Middleware/ValidatePostSize.php(27): Illuminate\\Pipeline\\Pipeline->Illuminate\\Pipeline\\{closure}(Object(Illuminate\\Http\\Request))
#28 /Users/muhsinzyne/public_html/working-lottery/app/core/vendor/laravel/framework/src/Illuminate/Pipeline/Pipeline.php(180): Illuminate\\Foundation\\Http\\Middleware\\ValidatePostSize->handle(Object(Illuminate\\Http\\Request), Object(Closure))
#29 /Users/muhsinzyne/public_html/working-lottery/app/core/vendor/laravel/framework/src/Illuminate/Foundation/Http/Middleware/PreventRequestsDuringMaintenance.php(86): Illuminate\\Pipeline\\Pipeline->Illuminate\\Pipeline\\{closure}(Object(Illuminate\\Http\\Request))
#30 /Users/muhsinzyne/public_html/working-lottery/app/core/vendor/laravel/framework/src/Illuminate/Pipeline/Pipeline.php(180): Illuminate\\Foundation\\Http\\Middleware\\PreventRequestsDuringMaintenance->handle(Object(Illuminate\\Http\\Request), Object(Closure))
#31 /Users/muhsinzyne/public_html/working-lottery/app/core/vendor/laravel/framework/src/Illuminate/Http/Middleware/HandleCors.php(49): Illuminate\\Pipeline\\Pipeline->Illuminate\\Pipeline\\{closure}(Object(Illuminate\\Http\\Request))
#32 /Users/muhsinzyne/public_html/working-lottery/app/core/vendor/laravel/framework/src/Illuminate/Pipeline/Pipeline.php(180): Illuminate\\Http\\Middleware\\HandleCors->handle(Object(Illuminate\\Http\\Request), Object(Closure))
#33 /Users/muhsinzyne/public_html/working-lottery/app/core/vendor/laravel/framework/src/Illuminate/Http/Middleware/TrustProxies.php(39): Illuminate\\Pipeline\\Pipeline->Illuminate\\Pipeline\\{closure}(Object(Illuminate\\Http\\Request))
#34 /Users/muhsinzyne/public_html/working-lottery/app/core/vendor/laravel/framework/src/Illuminate/Pipeline/Pipeline.php(180): Illuminate\\Http\\Middleware\\TrustProxies->handle(Object(Illuminate\\Http\\Request), Object(Closure))
#35 /Users/muhsinzyne/public_html/working-lottery/app/core/vendor/laravel/framework/src/Illuminate/Pipeline/Pipeline.php(116): Illuminate\\Pipeline\\Pipeline->Illuminate\\Pipeline\\{closure}(Object(Illuminate\\Http\\Request))
#36 /Users/muhsinzyne/public_html/working-lottery/app/core/vendor/laravel/framework/src/Illuminate/Foundation/Http/Kernel.php(165): Illuminate\\Pipeline\\Pipeline->then(Object(Closure))
#37 /Users/muhsinzyne/public_html/working-lottery/app/core/vendor/laravel/framework/src/Illuminate/Foundation/Http/Kernel.php(134): Illuminate\\Foundation\\Http\\Kernel->sendRequestThroughRouter(Object(Illuminate\\Http\\Request))
#38 /Users/muhsinzyne/public_html/working-lottery/app/index.php(52): Illuminate\\Foundation\\Http\\Kernel->handle(Object(Illuminate\\Http\\Request))
#39 {main}
"} 
